Determining if the pthread_create exist failed with the following output:
Change Dir: /home/sophie/Dokumente/Programmiersprachen/programmiersprachen-aufgabenblatt-3/build/CMakeFiles/CMakeTmp

Run Build Command:"/usr/bin/make" "cmTC_289fc/fast"
/usr/bin/make -f CMakeFiles/cmTC_289fc.dir/build.make CMakeFiles/cmTC_289fc.dir/build
make[1]: Verzeichnis „/home/sophie/Dokumente/Programmiersprachen/programmiersprachen-aufgabenblatt-3/build/CMakeFiles/CMakeTmp“ wird betreten
Building C object CMakeFiles/cmTC_289fc.dir/CheckSymbolExists.c.o
/usr/bin/cc     -o CMakeFiles/cmTC_289fc.dir/CheckSymbolExists.c.o   -c /home/sophie/Dokumente/Programmiersprachen/programmiersprachen-aufgabenblatt-3/build/CMakeFiles/CMakeTmp/CheckSymbolExists.c
Linking C executable cmTC_289fc
/usr/bin/cmake -E cmake_link_script CMakeFiles/cmTC_289fc.dir/link.txt --verbose=1
/usr/bin/cc       CMakeFiles/cmTC_289fc.dir/CheckSymbolExists.c.o  -o cmTC_289fc -rdynamic 
CMakeFiles/cmTC_289fc.dir/CheckSymbolExists.c.o: In Funktion `main':
CheckSymbolExists.c:(.text+0x16): Nicht definierter Verweis auf `pthread_create'
collect2: error: ld returned 1 exit status
CMakeFiles/cmTC_289fc.dir/build.make:97: die Regel für Ziel „cmTC_289fc“ scheiterte
make[1]: *** [cmTC_289fc] Fehler 1
make[1]: Verzeichnis „/home/sophie/Dokumente/Programmiersprachen/programmiersprachen-aufgabenblatt-3/build/CMakeFiles/CMakeTmp“ wird verlassen
Makefile:126: die Regel für Ziel „cmTC_289fc/fast“ scheiterte
make: *** [cmTC_289fc/fast] Fehler 2

File /home/sophie/Dokumente/Programmiersprachen/programmiersprachen-aufgabenblatt-3/build/CMakeFiles/CMakeTmp/CheckSymbolExists.c:
/* */
#include <pthread.h>

int main(int argc, char** argv)
{
  (void)argv;
#ifndef pthread_create
  return ((int*)(&pthread_create))[argc];
#else
  (void)argc;
  return 0;
#endif
}

Determining if the function pthread_create exists in the pthreads failed with the following output:
Change Dir: /home/sophie/Dokumente/Programmiersprachen/programmiersprachen-aufgabenblatt-3/build/CMakeFiles/CMakeTmp

Run Build Command:"/usr/bin/make" "cmTC_a839d/fast"
/usr/bin/make -f CMakeFiles/cmTC_a839d.dir/build.make CMakeFiles/cmTC_a839d.dir/build
make[1]: Verzeichnis „/home/sophie/Dokumente/Programmiersprachen/programmiersprachen-aufgabenblatt-3/build/CMakeFiles/CMakeTmp“ wird betreten
Building C object CMakeFiles/cmTC_a839d.dir/CheckFunctionExists.c.o
/usr/bin/cc    -DCHECK_FUNCTION_EXISTS=pthread_create   -o CMakeFiles/cmTC_a839d.dir/CheckFunctionExists.c.o   -c /usr/share/cmake-3.5/Modules/CheckFunctionExists.c
Linking C executable cmTC_a839d
/usr/bin/cmake -E cmake_link_script CMakeFiles/cmTC_a839d.dir/link.txt --verbose=1
/usr/bin/cc   -DCHECK_FUNCTION_EXISTS=pthread_create    CMakeFiles/cmTC_a839d.dir/CheckFunctionExists.c.o  -o cmTC_a839d -rdynamic -lpthreads 
/usr/bin/ld: cannot find -lpthreads
collect2: error: ld returned 1 exit status
CMakeFiles/cmTC_a839d.dir/build.make:97: die Regel für Ziel „cmTC_a839d“ scheiterte
make[1]: *** [cmTC_a839d] Fehler 1
make[1]: Verzeichnis „/home/sophie/Dokumente/Programmiersprachen/programmiersprachen-aufgabenblatt-3/build/CMakeFiles/CMakeTmp“ wird verlassen
Makefile:126: die Regel für Ziel „cmTC_a839d/fast“ scheiterte
make: *** [cmTC_a839d/fast] Fehler 2


